  DebugText.cpp
  Sprite.cpp
  DebugCamera.cpp
  LightGroup.cpp
  Material.cpp
  Mesh.cpp
  Model.cpp
  ViewProjection.cpp
  WorldTransform.cpp
  AxisIndicator.cpp
  Audio.cpp
  DirectXCommon.cpp
  TextureManager.cpp
  WinApp.cpp
  Input.cpp
  main.cpp
  GameScene.cpp
  コード生成しています。
  0 of 2080 functions ( 0.0%) were compiled, the rest were copied from previous compilation.
    0 functions were new in current compilation
    0 functions had inline decision re-evaluated but remain unchanged
  コード生成が終了しました。
  DirectXGame.vcxproj -> C:\KamataEngine\DirectXGame\x64\Release\DirectXGame.exe
