c:\kamataengine\directxgame\x64\release\vc143.pdb
c:\kamataengine\directxgame\x64\release\gamescene.obj
c:\kamataengine\directxgame\x64\release\main.obj
c:\kamataengine\directxgame\x64\release\input.obj
c:\kamataengine\directxgame\x64\release\winapp.obj
c:\kamataengine\directxgame\x64\release\texturemanager.obj
c:\kamataengine\directxgame\x64\release\directxcommon.obj
c:\kamataengine\directxgame\x64\release\axisindicator.obj
c:\kamataengine\directxgame\x64\release\audio.obj
c:\kamataengine\directxgame\x64\release\worldtransform.obj
c:\kamataengine\directxgame\x64\release\viewprojection.obj
c:\kamataengine\directxgame\x64\release\model.obj
c:\kamataengine\directxgame\x64\release\mesh.obj
c:\kamataengine\directxgame\x64\release\material.obj
c:\kamataengine\directxgame\x64\release\lightgroup.obj
c:\kamataengine\directxgame\x64\release\debugcamera.obj
c:\kamataengine\directxgame\x64\release\sprite.obj
c:\kamataengine\directxgame\x64\release\debugtext.obj
c:\kamataengine\directxgame\x64\release\directxgame.ipdb
c:\kamataengine\directxgame\x64\release\directxgame.iobj
c:\kamataengine\directxgame\x64\release\objps.cso
c:\kamataengine\directxgame\x64\release\objvs.cso
c:\kamataengine\directxgame\x64\release\shapeps.cso
c:\kamataengine\directxgame\x64\release\shapevs.cso
c:\kamataengine\directxgame\x64\release\spriteps.cso
c:\kamataengine\directxgame\x64\release\spritevs.cso
c:\kamataengine\directxgame\x64\release\directxgame.pdb
c:\kamataengine\directxgame\x64\release\directxgame.tlog\cl.command.1.tlog
c:\kamataengine\directxgame\x64\release\directxgame.tlog\cl.read.1.tlog
c:\kamataengine\directxgame\x64\release\directxgame.tlog\cl.write.1.tlog
c:\kamataengine\directxgame\x64\release\directxgame.tlog\directxgame.write.1u.tlog
c:\kamataengine\directxgame\x64\release\directxgame.tlog\fxc.command.1.tlog
c:\kamataengine\directxgame\x64\release\directxgame.tlog\fxc.read.1.tlog
c:\kamataengine\directxgame\x64\release\directxgame.tlog\fxc.write.1.tlog
c:\kamataengine\directxgame\x64\release\directxgame.tlog\link.command.1.tlog
c:\kamataengine\directxgame\x64\release\directxgame.tlog\link.read.1.tlog
c:\kamataengine\directxgame\x64\release\directxgame.tlog\link.write.1.tlog
